<?xml version="1.0" encoding="UTF-8"?>
<testng-results ignored="0" total="20" passed="20" failed="0" skipped="0">
  <reporter-output>
  </reporter-output>
  <suite started-at="2025-08-23T03:33:39 BST" name="Default suite" finished-at="2025-08-23T03:33:40 BST" duration-ms="851">
    <groups>
      <group name="cucumber">
        <method signature="AbstractTestNGCucumberTests.runScenario(io.cucumber.testng.PickleWrapper,io.cucumber.testng.FeatureWrapper)[pri:0, instance:com.assessment.automation.shopping_basket.BDD.TestsCucumberTestNGRunner@20d525]" name="runScenario" class="io.cucumber.testng.AbstractTestNGCucumberTests"/>
      </group> <!-- cucumber -->
    </groups>
    <test started-at="2025-08-23T03:33:39 BST" name="Default test" finished-at="2025-08-23T03:33:40 BST" duration-ms="851">
      <class name="com.assessment.automation.shopping_basket.BDD.TestsCucumberTestNGRunner">
        <test-method is-config="true" signature="setUpClass(org.testng.ITestContext)[pri:0, instance:com.assessment.automation.shopping_basket.BDD.TestsCucumberTestNGRunner@20d525]" started-at="2025-08-23T03:33:39 BST" name="setUpClass" finished-at="2025-08-23T03:33:40 BST" duration-ms="557" status="PASS">
          <params>
            <param index="0">
              <value>
                <![CDATA[org.testng.TestRunner@1af05b03]]>
              </value>
            </param>
          </params>
          <reporter-output>
          </reporter-output>
        </test-method> <!-- setUpClass -->
        <test-method signature="runScenario(io.cucumber.testng.PickleWrapper,io.cucumber.testng.FeatureWrapper)[pri:0, instance:com.assessment.automation.shopping_basket.BDD.TestsCucumberTestNGRunner@20d525]" started-at="2025-08-23T03:33:40 BST" name="runScenario" description="Runs Cucumber Scenarios" data-provider="scenarios" finished-at="2025-08-23T03:33:40 BST" duration-ms="108" status="PASS">
          <params>
            <param index="0">
              <value>
                <![CDATA["Empty basket should cost 0"]]>
              </value>
            </param>
            <param index="1">
              <value>
                <![CDATA["Validating cost calculation for items in shopping basket"]]>
              </value>
            </param>
          </params>
          <reporter-output>
          </reporter-output>
        </test-method> <!-- runScenario -->
        <test-method signature="runScenario(io.cucumber.testng.PickleWrapper,io.cucumber.testng.FeatureWrapper)[pri:0, instance:com.assessment.automation.shopping_basket.BDD.TestsCucumberTestNGRunner@20d525]" started-at="2025-08-23T03:33:40 BST" name="runScenario" description="Runs Cucumber Scenarios" data-provider="scenarios" finished-at="2025-08-23T03:33:40 BST" duration-ms="5" status="PASS">
          <params>
            <param index="0">
              <value>
                <![CDATA["Null basket should cost 0"]]>
              </value>
            </param>
            <param index="1">
              <value>
                <![CDATA["Validating cost calculation for items in shopping basket"]]>
              </value>
            </param>
          </params>
          <reporter-output>
          </reporter-output>
        </test-method> <!-- runScenario -->
        <test-method signature="runScenario(io.cucumber.testng.PickleWrapper,io.cucumber.testng.FeatureWrapper)[pri:0, instance:com.assessment.automation.shopping_basket.BDD.TestsCucumberTestNGRunner@20d525]" started-at="2025-08-23T03:33:40 BST" name="runScenario" description="Runs Cucumber Scenarios" data-provider="scenarios" finished-at="2025-08-23T03:33:40 BST" duration-ms="10" status="PASS">
          <params>
            <param index="0">
              <value>
                <![CDATA["Single Apple added in the basket"]]>
              </value>
            </param>
            <param index="1">
              <value>
                <![CDATA["Validating cost calculation for items in shopping basket"]]>
              </value>
            </param>
          </params>
          <reporter-output>
          </reporter-output>
        </test-method> <!-- runScenario -->
        <test-method signature="runScenario(io.cucumber.testng.PickleWrapper,io.cucumber.testng.FeatureWrapper)[pri:0, instance:com.assessment.automation.shopping_basket.BDD.TestsCucumberTestNGRunner@20d525]" started-at="2025-08-23T03:33:40 BST" name="runScenario" description="Runs Cucumber Scenarios" data-provider="scenarios" finished-at="2025-08-23T03:33:40 BST" duration-ms="3" status="PASS">
          <params>
            <param index="0">
              <value>
                <![CDATA["Single Banana added in the basket"]]>
              </value>
            </param>
            <param index="1">
              <value>
                <![CDATA["Validating cost calculation for items in shopping basket"]]>
              </value>
            </param>
          </params>
          <reporter-output>
          </reporter-output>
        </test-method> <!-- runScenario -->
        <test-method signature="runScenario(io.cucumber.testng.PickleWrapper,io.cucumber.testng.FeatureWrapper)[pri:0, instance:com.assessment.automation.shopping_basket.BDD.TestsCucumberTestNGRunner@20d525]" started-at="2025-08-23T03:33:40 BST" name="runScenario" description="Runs Cucumber Scenarios" data-provider="scenarios" finished-at="2025-08-23T03:33:40 BST" duration-ms="9" status="PASS">
          <params>
            <param index="0">
              <value>
                <![CDATA["Single Melon added in the basket"]]>
              </value>
            </param>
            <param index="1">
              <value>
                <![CDATA["Validating cost calculation for items in shopping basket"]]>
              </value>
            </param>
          </params>
          <reporter-output>
          </reporter-output>
        </test-method> <!-- runScenario -->
        <test-method signature="runScenario(io.cucumber.testng.PickleWrapper,io.cucumber.testng.FeatureWrapper)[pri:0, instance:com.assessment.automation.shopping_basket.BDD.TestsCucumberTestNGRunner@20d525]" started-at="2025-08-23T03:33:40 BST" name="runScenario" description="Runs Cucumber Scenarios" data-provider="scenarios" finished-at="2025-08-23T03:33:40 BST" duration-ms="5" status="PASS">
          <params>
            <param index="0">
              <value>
                <![CDATA["Single Lime added in the basket"]]>
              </value>
            </param>
            <param index="1">
              <value>
                <![CDATA["Validating cost calculation for items in shopping basket"]]>
              </value>
            </param>
          </params>
          <reporter-output>
          </reporter-output>
        </test-method> <!-- runScenario -->
        <test-method signature="runScenario(io.cucumber.testng.PickleWrapper,io.cucumber.testng.FeatureWrapper)[pri:0, instance:com.assessment.automation.shopping_basket.BDD.TestsCucumberTestNGRunner@20d525]" started-at="2025-08-23T03:33:40 BST" name="runScenario" description="Runs Cucumber Scenarios" data-provider="scenarios" finished-at="2025-08-23T03:33:40 BST" duration-ms="4" status="PASS">
          <params>
            <param index="0">
              <value>
                <![CDATA["Multiple Apples and Bananas added in the basket"]]>
              </value>
            </param>
            <param index="1">
              <value>
                <![CDATA["Validating cost calculation for items in shopping basket"]]>
              </value>
            </param>
          </params>
          <reporter-output>
          </reporter-output>
        </test-method> <!-- runScenario -->
        <test-method signature="runScenario(io.cucumber.testng.PickleWrapper,io.cucumber.testng.FeatureWrapper)[pri:0, instance:com.assessment.automation.shopping_basket.BDD.TestsCucumberTestNGRunner@20d525]" started-at="2025-08-23T03:33:40 BST" name="runScenario" description="Runs Cucumber Scenarios" data-provider="scenarios" finished-at="2025-08-23T03:33:40 BST" duration-ms="4" status="PASS">
          <params>
            <param index="0">
              <value>
                <![CDATA["Case insensitive item names"]]>
              </value>
            </param>
            <param index="1">
              <value>
                <![CDATA["Validating cost calculation for items in shopping basket"]]>
              </value>
            </param>
          </params>
          <reporter-output>
          </reporter-output>
        </test-method> <!-- runScenario -->
        <test-method signature="runScenario(io.cucumber.testng.PickleWrapper,io.cucumber.testng.FeatureWrapper)[pri:0, instance:com.assessment.automation.shopping_basket.BDD.TestsCucumberTestNGRunner@20d525]" started-at="2025-08-23T03:33:40 BST" name="runScenario" description="Runs Cucumber Scenarios" data-provider="scenarios" finished-at="2025-08-23T03:33:40 BST" duration-ms="4" status="PASS">
          <params>
            <param index="0">
              <value>
                <![CDATA["Melon offer - buy one get one free"]]>
              </value>
            </param>
            <param index="1">
              <value>
                <![CDATA["Validating cost calculation for items in shopping basket"]]>
              </value>
            </param>
          </params>
          <reporter-output>
          </reporter-output>
        </test-method> <!-- runScenario -->
        <test-method signature="runScenario(io.cucumber.testng.PickleWrapper,io.cucumber.testng.FeatureWrapper)[pri:0, instance:com.assessment.automation.shopping_basket.BDD.TestsCucumberTestNGRunner@20d525]" started-at="2025-08-23T03:33:40 BST" name="runScenario" description="Runs Cucumber Scenarios" data-provider="scenarios" finished-at="2025-08-23T03:33:40 BST" duration-ms="3" status="PASS">
          <params>
            <param index="0">
              <value>
                <![CDATA["Melon offer - buy one get one free"]]>
              </value>
            </param>
            <param index="1">
              <value>
                <![CDATA["Validating cost calculation for items in shopping basket"]]>
              </value>
            </param>
          </params>
          <reporter-output>
          </reporter-output>
        </test-method> <!-- runScenario -->
        <test-method signature="runScenario(io.cucumber.testng.PickleWrapper,io.cucumber.testng.FeatureWrapper)[pri:0, instance:com.assessment.automation.shopping_basket.BDD.TestsCucumberTestNGRunner@20d525]" started-at="2025-08-23T03:33:40 BST" name="runScenario" description="Runs Cucumber Scenarios" data-provider="scenarios" finished-at="2025-08-23T03:33:40 BST" duration-ms="3" status="PASS">
          <params>
            <param index="0">
              <value>
                <![CDATA["Melon offer - buy one get one free"]]>
              </value>
            </param>
            <param index="1">
              <value>
                <![CDATA["Validating cost calculation for items in shopping basket"]]>
              </value>
            </param>
          </params>
          <reporter-output>
          </reporter-output>
        </test-method> <!-- runScenario -->
        <test-method signature="runScenario(io.cucumber.testng.PickleWrapper,io.cucumber.testng.FeatureWrapper)[pri:0, instance:com.assessment.automation.shopping_basket.BDD.TestsCucumberTestNGRunner@20d525]" started-at="2025-08-23T03:33:40 BST" name="runScenario" description="Runs Cucumber Scenarios" data-provider="scenarios" finished-at="2025-08-23T03:33:40 BST" duration-ms="4" status="PASS">
          <params>
            <param index="0">
              <value>
                <![CDATA["Lime offer - three for the price of two"]]>
              </value>
            </param>
            <param index="1">
              <value>
                <![CDATA["Validating cost calculation for items in shopping basket"]]>
              </value>
            </param>
          </params>
          <reporter-output>
          </reporter-output>
        </test-method> <!-- runScenario -->
        <test-method signature="runScenario(io.cucumber.testng.PickleWrapper,io.cucumber.testng.FeatureWrapper)[pri:0, instance:com.assessment.automation.shopping_basket.BDD.TestsCucumberTestNGRunner@20d525]" started-at="2025-08-23T03:33:40 BST" name="runScenario" description="Runs Cucumber Scenarios" data-provider="scenarios" finished-at="2025-08-23T03:33:40 BST" duration-ms="3" status="PASS">
          <params>
            <param index="0">
              <value>
                <![CDATA["Lime offer - three for the price of two"]]>
              </value>
            </param>
            <param index="1">
              <value>
                <![CDATA["Validating cost calculation for items in shopping basket"]]>
              </value>
            </param>
          </params>
          <reporter-output>
          </reporter-output>
        </test-method> <!-- runScenario -->
        <test-method signature="runScenario(io.cucumber.testng.PickleWrapper,io.cucumber.testng.FeatureWrapper)[pri:0, instance:com.assessment.automation.shopping_basket.BDD.TestsCucumberTestNGRunner@20d525]" started-at="2025-08-23T03:33:40 BST" name="runScenario" description="Runs Cucumber Scenarios" data-provider="scenarios" finished-at="2025-08-23T03:33:40 BST" duration-ms="3" status="PASS">
          <params>
            <param index="0">
              <value>
                <![CDATA["Lime offer - three for the price of two"]]>
              </value>
            </param>
            <param index="1">
              <value>
                <![CDATA["Validating cost calculation for items in shopping basket"]]>
              </value>
            </param>
          </params>
          <reporter-output>
          </reporter-output>
        </test-method> <!-- runScenario -->
        <test-method signature="runScenario(io.cucumber.testng.PickleWrapper,io.cucumber.testng.FeatureWrapper)[pri:0, instance:com.assessment.automation.shopping_basket.BDD.TestsCucumberTestNGRunner@20d525]" started-at="2025-08-23T03:33:40 BST" name="runScenario" description="Runs Cucumber Scenarios" data-provider="scenarios" finished-at="2025-08-23T03:33:40 BST" duration-ms="3" status="PASS">
          <params>
            <param index="0">
              <value>
                <![CDATA["Lime offer - three for the price of two"]]>
              </value>
            </param>
            <param index="1">
              <value>
                <![CDATA["Validating cost calculation for items in shopping basket"]]>
              </value>
            </param>
          </params>
          <reporter-output>
          </reporter-output>
        </test-method> <!-- runScenario -->
        <test-method signature="runScenario(io.cucumber.testng.PickleWrapper,io.cucumber.testng.FeatureWrapper)[pri:0, instance:com.assessment.automation.shopping_basket.BDD.TestsCucumberTestNGRunner@20d525]" started-at="2025-08-23T03:33:40 BST" name="runScenario" description="Runs Cucumber Scenarios" data-provider="scenarios" finished-at="2025-08-23T03:33:40 BST" duration-ms="4" status="PASS">
          <params>
            <param index="0">
              <value>
                <![CDATA["Mixed basket with offers"]]>
              </value>
            </param>
            <param index="1">
              <value>
                <![CDATA["Validating cost calculation for items in shopping basket"]]>
              </value>
            </param>
          </params>
          <reporter-output>
          </reporter-output>
        </test-method> <!-- runScenario -->
        <test-method signature="runScenario(io.cucumber.testng.PickleWrapper,io.cucumber.testng.FeatureWrapper)[pri:0, instance:com.assessment.automation.shopping_basket.BDD.TestsCucumberTestNGRunner@20d525]" started-at="2025-08-23T03:33:40 BST" name="runScenario" description="Runs Cucumber Scenarios" data-provider="scenarios" finished-at="2025-08-23T03:33:40 BST" duration-ms="5" status="PASS">
          <params>
            <param index="0">
              <value>
                <![CDATA["Basket with unknown items, items should get ignored"]]>
              </value>
            </param>
            <param index="1">
              <value>
                <![CDATA["Validating cost calculation for items in shopping basket"]]>
              </value>
            </param>
          </params>
          <reporter-output>
          </reporter-output>
        </test-method> <!-- runScenario -->
        <test-method signature="runScenario(io.cucumber.testng.PickleWrapper,io.cucumber.testng.FeatureWrapper)[pri:0, instance:com.assessment.automation.shopping_basket.BDD.TestsCucumberTestNGRunner@20d525]" started-at="2025-08-23T03:33:40 BST" name="runScenario" description="Runs Cucumber Scenarios" data-provider="scenarios" finished-at="2025-08-23T03:33:40 BST" duration-ms="4" status="PASS">
          <params>
            <param index="0">
              <value>
                <![CDATA["Basket with whitespace items"]]>
              </value>
            </param>
            <param index="1">
              <value>
                <![CDATA["Validating cost calculation for items in shopping basket"]]>
              </value>
            </param>
          </params>
          <reporter-output>
          </reporter-output>
        </test-method> <!-- runScenario -->
        <test-method signature="runScenario(io.cucumber.testng.PickleWrapper,io.cucumber.testng.FeatureWrapper)[pri:0, instance:com.assessment.automation.shopping_basket.BDD.TestsCucumberTestNGRunner@20d525]" started-at="2025-08-23T03:33:40 BST" name="runScenario" description="Runs Cucumber Scenarios" data-provider="scenarios" finished-at="2025-08-23T03:33:40 BST" duration-ms="3" status="PASS">
          <params>
            <param index="0">
              <value>
                <![CDATA["Basket with special character items"]]>
              </value>
            </param>
            <param index="1">
              <value>
                <![CDATA["Validating cost calculation for items in shopping basket"]]>
              </value>
            </param>
          </params>
          <reporter-output>
          </reporter-output>
        </test-method> <!-- runScenario -->
        <test-method signature="runScenario(io.cucumber.testng.PickleWrapper,io.cucumber.testng.FeatureWrapper)[pri:0, instance:com.assessment.automation.shopping_basket.BDD.TestsCucumberTestNGRunner@20d525]" started-at="2025-08-23T03:33:40 BST" name="runScenario" description="Runs Cucumber Scenarios" data-provider="scenarios" finished-at="2025-08-23T03:33:40 BST" duration-ms="3" status="PASS">
          <params>
            <param index="0">
              <value>
                <![CDATA["Basket with only unknown items"]]>
              </value>
            </param>
            <param index="1">
              <value>
                <![CDATA["Validating cost calculation for items in shopping basket"]]>
              </value>
            </param>
          </params>
          <reporter-output>
          </reporter-output>
        </test-method> <!-- runScenario -->
        <test-method is-config="true" signature="tearDownClass()[pri:0, instance:com.assessment.automation.shopping_basket.BDD.TestsCucumberTestNGRunner@20d525]" started-at="2025-08-23T03:33:40 BST" name="tearDownClass" finished-at="2025-08-23T03:33:40 BST" duration-ms="47" status="PASS">
          <reporter-output>
          </reporter-output>
        </test-method> <!-- tearDownClass -->
      </class> <!-- com.assessment.automation.shopping_basket.BDD.TestsCucumberTestNGRunner -->
    </test> <!-- Default test -->
  </suite> <!-- Default suite -->
</testng-results>
